51003 1010101210 51518 1010101212 51519
51001 1010101020 51514 1010101021 51515
51002 1010101201 51516 1010101202 51517
51010 1010120201 51532 1010120202 51533
51008 1010120101 51528 1010120102 51529
51000 1010101010 51512 1010101012 51513
51005 1010102020 51522 1010102021 51523
51009 1010120120 51530 1010120121 51531
51007 1010102120 51526 1010102121 51527
51004 1010102010 51520 1010102012 51521
51006 1010102101 51524 1010102102 51525
51019 1010201210 51550 1010201212 51551
51018 1010201201 51548 1010201202 51549
51020 1010202010 51552 1010202012 51553
51013 1010121020 51538 1010121021 51539
51011 1010120210 51534 1010120212 51535
51012 1010121010 51536 1010121012 51537
51021 1010202020 51554 1010202021 51555
51014 1010121201 51540 1010121202 51541
51016 1010201010 51544 1010201012 51545
51015 1010121210 51542 1010121212 51543
51022 1010202101 51556 1010202102 51557
51017 1010201020 51546 1010201021 51547
51023 1010202120 51558 1010202121 51559
51024 1010210101 51560 1010210102 51561
51029 1010212020 51570 1010212021 51571
51027 1010210210 51566 1010210212 51567
51032 1012010101 51576 1012010102 51577
51031 1010212120 51574 1010212121 51575
51026 1010210201 51564 1010210202 51565
51030 1010212101 51572 1010212102 51573
51025 1010210120 51562 1010210121 51563
51034 1012010201 51580 1012010202 51581
51033 1012010120 51578 1012010121 51579
51028 1010212010 51568 1010212012 51569
51035 1012010210 51582 1012010212 51583
51040 1012020101 51592 1012020102 51593
51039 1012012120 51590 1012012121 51591
51042 1012020201 51596 1012020202 51597
51062 1012121201 51636 1012121202 51637
51061 1012121020 51634 1012121021 51635
51060 1012121010 51632 1012121012 51633
51057 1012120120 51626 1012120121 51627
51056 1012120101 51624 1012120102 51625
51101 1021012020 51714 1021012021 51715
51100 1021012010 51712 1021012012 51713
51081 1020201020 51674 1020201021 51675
51069 1020102020 51650 1020102021 51651
51064 1020101010 51640 1020101012 51641
51047 1012021210 51606 1012021212 51607
51082 1020201201 51676 1020201202 51677
51093 1020212020 51698 1020212021 51699
51077 1020121020 51666 1020121021 51667
51051 1012101210 51614 1012101212 51615
51098 1021010201 51708 1021010202 51709
51037 1012012020 51586 1012012021 51587
51126 1021212101 51764 1021212102 51765
51085 1020202020 51682 1020202021 51683
51125 1021212020 51762 1021212021 51763
51079 1020121210 51670 1020121212 51671
51070 1020102101 51652 1020102102 51653
51084 1020202010 51680 1020202012 51681
51115 1021201210 51742 1021201212 51743
51068 1020102010 51648 1020102012 51649
51041 1012020120 51594 1012020121 51595
51052 1012102010 51616 1012102012 51617
51048 1012101010 51608 1012101012 51609
51038 1012012101 51588 1012012102 51589
51065 1020101020 51642 1020101021 51643
51036 1012012010 51584 1012012012 51585
51075 1020120210 51662 1020120212 51663
51055 1012102120 51622 1012102121 51623
51083 1020201210 51678 1020201212 51679
51071 1020102120 51654 1020102121 51655
51116 1021202010 51744 1021202012 51745
51102 1021012101 51716 1021012102 51717
51106 1021020201 51724 1021020202 51725
51099 1021010210 51710 1021010212 51711
51128 1201010101 51768 1201010102 51769
51049 1012101020 51610 1012101021 51611
51045 1012021020 51602 1012021021 51603
51090 1020210201 51692 1020210202 51693
51043 1012020210 51598 1012020212 51599
51092 1020212010 51696 1020212012 51697
51086 1020202101 51684 1020202102 51685
51112 1021201010 51736 1021201012 51737
51091 1020210210 51694 1020210212 51695
51107 1021020210 51726 1021020212 51727
51129 1201010120 51770 1201010121 51771
51105 1021020120 51722 1021020121 51723
51124 1021212010 51760 1021212012 51761
51097 1021010120 51706 1021010121 51707
51053 1012102020 51618 1012102021 51619
51078 1020121201 51668 1020121202 51669
51059 1012120210 51630 1012120212 51631
51113 1021201020 51738 1021201021 51739
51127 1021212120 51766 1021212121 51767
51089 1020210120 51690 1020210121 51691
51066 1020101201 51644 1020101202 51645
51130 1201010201 51772 1201010202 51773
51104 1021020101 51720 1021020102 51721
51080 1020201010 51672 1020201012 51673
51123 1021210210 51758 1021210212 51759
51095 1020212120 51702 1020212121 51703
51072 1020120101 51656 1020120102 51657
51054 1012102101 51620 1012102102 51621
51111 1021021210 51734 1021021212 51735
51131 1201010210 51774 1201010212 51775
51050 1012101201 51612 1012101202 51613
51103 1021012120 51718 1021012121 51719
51121 1021210120 51754 1021210121 51755
51063 1012121210 51638 1012121212 51639
51118 1021202101 51748 1021202102 51749
51120 1021210101 51752 1021210102 51753
51076 1020121010 51664 1020121012 51665
51117 1021202020 51746 1021202021 51747
51108 1021021010 51728 1021021012 51729
51088 1020210101 51688 1020210102 51689
51073 1020120120 51658 1020120121 51659
51109 1021021020 51730 1021021021 51731
51094 1020212101 51700 1020212102 51701
51087 1020202120 51686 1020202121 51687
51110 1021021201 51732 1021021202 51733
51119 1021202120 51750 1021202121 51751
51067 1020101210 51646 1020101212 51647
51074 1020120201 51660 1020120202 51661
51122 1021210201 51756 1021210202 51757
51058 1012120201 51628 1012120202 51629
51096 1021010101 51704 1021010102 51705
51044 1012021010 51600 1012021012 51601
51132 1201012010 51776 1201012012 51777
51114 1021201201 51740 1021201202 51741
51046 1012021201 51604 1012021202 51605
51133 1201012020 51778 1201012021 51779
51136 1201020101 51784 1201020102 51785
51138 1201020201 51788 1201020202 51789
51137 1201020120 51786 1201020121 51787
51142 1201021201 51796 1201021202 51797
51135 1201012120 51782 1201012121 51783
51139 1201020210 51790 1201020212 51791
51143 1201021210 51798 1201021212 51799
51141 1201021020 51794 1201021021 51795
51144 1201201010 51800 1201201012 51801
51145 1201201020 51802 1201201021 51803
51134 1201012101 51780 1201012102 51781
51140 1201021010 51792 1201021012 51793
51166 1202012101 51844 1202012102 51845
51152 1201210101 51816 1201210102 51817
51148 1201202010 51808 1201202012 51809
51147 1201201210 51806 1201201212 51807
51160 1202010101 51832 1202010102 51833
51151 1201202120 51814 1201202121 51815
51153 1201210120 51818 1201210121 51819
51146 1201201201 51804 1201201202 51805
51183 1202102120 51878 1202102121 51879
51171 1202020210 51854 1202020212 51855
51158 1201212101 51828 1201212102 51829
51161 1202010120 51834 1202010121 51835
51186 1202120201 51884 1202120202 51885
51169 1202020120 51850 1202020121 51851
51150 1201202101 51812 1201202102 51813
51167 1202012120 51846 1202012121 51847
51164 1202012010 51840 1202012012 51841
51184 1202120101 51880 1202120102 51881
51188 1202121010 51888 1202121012 51889
51190 1202121201 51892 1202121202 51893
51178 1202101201 51868 1202101202 51869
51205 1210121020 51922 1210121021 51923
51159 1201212120 51830 1201212121 51831
51187 1202120210 51886 1202120212 51887
51179 1202101210 51870 1202101212 51871
51216 1210210101 51944 1210210102 51945
51177 1202101020 51866 1202101021 51867
51174 1202021201 51860 1202021202 51861
51196 1210102010 51904 1210102012 51905
51207 1210121210 51926 1210121212 51927
51211 1210201210 51934 1210201212 51935
51170 1202020201 51852 1202020202 51853
51203 1210120210 51918 1210120212 51919
51180 1202102010 51872 1202102012 51873
51206 1210121201 51924 1210121202 51925
51176 1202101010 51864 1202101012 51865
51195 1210101210 51902 1210101212 51903
51191 1202121210 51894 1202121212 51895
51210 1210201201 51932 1210201202 51933
51193 1210101020 51898 1210101021 51899
51172 1202021010 51856 1202021012 51857
51181 1202102020 51874 1202102021 51875
51192 1210101010 51896 1210101012 51897
51165 1202012020 51842 1202012021 51843
51200 1210120101 51912 1210120102 51913
51201 1210120120 51914 1210120121 51915
51157 1201212020 51826 1201212021 51827
51214 1210202101 51940 1210202102 51941
51154 1201210201 51820 1201210202 51821
51194 1210101201 51900 1210101202 51901
51168 1202020101 51848 1202020102 51849
51185 1202120120 51882 1202120121 51883
51197 1210102020 51906 1210102021 51907
51189 1202121020 51890 1202121021 51891
51198 1210102101 51908 1210102102 51909
51217 1210210120 51946 1210210121 51947
51209 1210201020 51930 1210201021 51931
51149 1201202020 51810 1201202021 51811
51202 1210120201 51916 1210120202 51917
51155 1201210210 51822 1201210212 51823
51213 1210202020 51938 1210202021 51939
51212 1210202010 51936 1210202012 51937
51162 1202010201 51836 1202010202 51837
51173 1202021020 51858 1202021021 51859
51199 1210102120 51910 1210102121 51911
51163 1202010210 51838 1202010212 51839
51204 1210121010 51920 1210121012 51921
51182 1202102101 51876 1202102102 51877
51156 1201212010 51824 1201212012 51825
51208 1210201010 51928 1210201012 51929
51215 1210202120 51942 1210202121 51943
51175 1202021210 51862 1202021212 51863
51218 1210210201 51948 1210210202 51949
51219 1210210210 51950 1210210212 51951
51220 1210212010 51952 1210212012 51953
51223 1210212120 51958 1210212121 51959
51224 1212010101 51960 1212010102 51961
51228 1212012010 51968 1212012012 51969
51229 1212012020 51970 1212012021 51971
51222 1210212101 51956 1210212102 51957
51226 1212010201 51964 1212010202 51965
51227 1212010210 51966 1212010212 51967
51221 1210212020 51954 1210212021 51955
51225 1212010120 51962 1212010121 51963
51233 1212020120 51978 1212020121 51979
51234 1212020201 51980 1212020202 51981
51244 1212102010 52000 1212102012 52001
51235 1212020210 51982 1212020212 51983
51255 1212121210 52022 1212121212 52023
51261 2010102020 52034 2010102021 52035
51260 2010102010 52032 2010102012 52033
51240 1212101010 51992 1212101012 51993
51258 2010101201 52028 2010101202 52029
51252 1212121010 52016 1212121012 52017
51246 1212102101 52004 1212102102 52005
51249 1212120120 52010 1212120121 52011
51231 1212012120 51974 1212012121 51975
51230 1212012101 51972 1212012102 51973
51236 1212021010 51984 1212021012 51985
51232 1212020101 51976 1212020102 51977
51238 1212021201 51988 1212021202 51989
51280 2010210101 52072 2010210102 52073
51259 2010101210 52030 2010101212 52031
51253 1212121020 52018 1212121021 52019
51248 1212120101 52008 1212120102 52009
51237 1212021020 51986 1212021021 51987
51239 1212021210 51990 1212021212 51991
51262 2010102101 52036 2010102102 52037
51256 2010101010 52024 2010101012 52025
51250 1212120201 52012 1212120202 52013
51278 2010202101 52068 2010202102 52069
51271 2010121210 52054 2010121212 52055
51264 2010120101 52040 2010120102 52041
51274 2010201201 52060 2010201202 52061
51242 1212101201 51996 1212101202 51997
51243 1212101210 51998 1212101212 51999
51251 1212120210 52014 1212120212 52015
51241 1212101020 51994 1212101021 51995
51263 2010102120 52038 2010102121 52039
51266 2010120201 52044 2010120202 52045
51268 2010121010 52048 2010121012 52049
51284 2010212010 52080 2010212012 52081
51272 2010201010 52056 2010201012 52057
51273 2010201020 52058 2010201021 52059
51283 2010210210 52078 2010210212 52079
51245 1212102020 52002 1212102021 52003
51254 1212121201 52020 1212121202 52021
51291 2012010210 52094 2012010212 52095
51276 2010202010 52064 2010202012 52065
51267 2010120210 52046 2010120212 52047
51285 2010212020 52082 2010212021 52083
51281 2010210120 52074 2010210121 52075
51277 2010202020 52066 2010202021 52067
51289 2012010120 52090 2012010121 52091
51288 2012010101 52088 2012010102 52089
51282 2010210201 52076 2010210202 52077
51269 2010121020 52050 2010121021 52051
51286 2010212101 52084 2010212102 52085
51279 2010202120 52070 2010202121 52071
51275 2010201210 52062 2010201212 52063
51257 2010101020 52026 2010101021 52027
51270 2010121201 52052 2010121202 52053
51247 1212102120 52006 1212102121 52007
51290 2012010201 52092 2012010202 52093
51265 2010120120 52042 2010120121 52043
51292 2012012010 52096 2012012012 52097
51287 2010212120 52086 2010212121 52087
51293 2012012020 52098 2012012021 52099
51294 2012012101 52100 2012012102 52101
51296 2012020101 52104 2012020102 52105
51299 2012020210 52110 2012020212 52111
51302 2012021201 52116 2012021202 52117
51301 2012021020 52114 2012021021 52115
51300 2012021010 52112 2012021012 52113
51297 2012020120 52106 2012020121 52107
51303 2012021210 52118 2012021212 52119
51295 2012012120 52102 2012012121 52103
51298 2012020201 52108 2012020202 52109
51304 2012101010 52120 2012101012 52121
51305 2012101020 52122 2012101021 52123
51313 2012120120 52138 2012120121 52139
51308 2012102010 52128 2012102012 52129
51310 2012102101 52132 2012102102 52133
51311 2012102120 52134 2012102121 52135
51307 2012101210 52126 2012101212 52127
51309 2012102020 52130 2012102021 52131
51306 2012101201 52124 2012101202 52125
51314 2012120201 52140 2012120202 52141
51312 2012120101 52136 2012120102 52137
51315 2012120210 52142 2012120212 52143
51317 2012121020 52146 2012121021 52147
51316 2012121010 52144 2012121012 52145
51320 2020101010 52152 2020101012 52153
51318 2012121201 52148 2012121202 52149
51319 2012121210 52150 2012121212 52151
51324 2020102010 52160 2020102012 52161
51323 2020101210 52158 2020101212 52159
51325 2020102020 52162 2020102021 52163
51322 2020101201 52156 2020101202 52157
51321 2020101020 52154 2020101021 52155
51326 2020102101 52164 2020102102 52165
51330 2020120201 52172 2020120202 52173
51328 2020120101 52168 2020120102 52169
51329 2020120120 52170 2020120121 52171
51331 2020120210 52174 2020120212 52175
51332 2020121010 52176 2020121012 52177
51334 2020121201 52180 2020121202 52181
51333 2020121020 52178 2020121021 52179
51327 2020102120 52166 2020102121 52167
51336 2020201010 52184 2020201012 52185
51337 2020201020 52186 2020201021 52187
51335 2020121210 52182 2020121212 52183
51343 2020202120 52198 2020202121 52199
51339 2020201210 52190 2020201212 52191
51338 2020201201 52188 2020201202 52189
51340 2020202010 52192 2020202012 52193
51342 2020202101 52196 2020202102 52197
51353 2021010120 52218 2021010121 52219
51345 2020210120 52202 2020210121 52203
51366 2021021201 52244 2021021202 52245
51356 2021012010 52224 2021012012 52225
51396 2101021010 52304 2101021012 52305
51362 2021020201 52236 2021020202 52237
51341 2020202020 52194 2020202021 52195
51344 2020210101 52200 2020210102 52201
51355 2021010210 52222 2021010212 52223
51346 2020210201 52204 2020210202 52205
51388 2101012010 52288 2101012012 52289
51370 2021201201 52252 2021201202 52253
51354 2021010201 52220 2021010202 52221
51378 2021210201 52268 2021210202 52269
51367 2021021210 52246 2021021212 52247
51386 2101010201 52284 2101010202 52285
51359 2021012120 52230 2021012121 52231
51372 2021202010 52256 2021202012 52257
51371 2021201210 52254 2021201212 52255
51351 2020212120 52214 2020212121 52215
51357 2021012020 52226 2021012021 52227
51361 2021020120 52234 2021020121 52235
51350 2020212101 52212 2020212102 52213
51363 2021020210 52238 2021020212 52239
51399 2101021210 52310 2101021212 52311
51408 2101210101 52328 2101210102 52329
51398 2101021201 52308 2101021202 52309
51383 2021212120 52278 2021212121 52279
51376 2021210101 52264 2021210102 52265
51379 2021210210 52270 2021210212 52271
51393 2101020120 52298 2101020121 52299
51360 2021020101 52232 2021020102 52233
51369 2021201020 52250 2021201021 52251
51407 2101202120 52326 2101202121 52327
51365 2021021020 52242 2021021021 52243
51387 2101010210 52286 2101010212 52287
51347 2020210210 52206 2020210212 52207
51402 2101201201 52316 2101201202 52317
51382 2021212101 52276 2021212102 52277
51358 2021012101 52228 2021012102 52229
51392 2101020101 52296 2101020102 52297
51395 2101020210 52302 2101020212 52303
51348 2020212010 52208 2020212012 52209
51352 2021010101 52216 2021010102 52217
51397 2101021020 52306 2101021021 52307
51375 2021202120 52262 2021202121 52263
51394 2101020201 52300 2101020202 52301
51401 2101201020 52314 2101201021 52315
51380 2021212010 52272 2021212012 52273
51374 2021202101 52260 2021202102 52261
51389 2101012020 52290 2101012021 52291
51405 2101202020 52322 2101202021 52323
51364 2021021010 52240 2021021012 52241
51390 2101012101 52292 2101012102 52293
51404 2101202010 52320 2101202012 52321
51377 2021210120 52266 2021210121 52267
51391 2101012120 52294 2101012121 52295
51381 2021212020 52274 2021212021 52275
51373 2021202020 52258 2021202021 52259
51406 2101202101 52324 2101202102 52325
51403 2101201210 52318 2101201212 52319
51349 2020212020 52210 2020212021 52211
51368 2021201010 52248 2021201012 52249
51385 2101010120 52282 2101010121 52283
51384 2101010101 52280 2101010102 52281
51409 2101210120 52330 2101210121 52331
51400 2101201010 52312 2101201012 52313
51410 2101210201 52332 2101210202 52333
51411 2101210210 52334 2101210212 52335
51412 2101212010 52336 2101212012 52337
51413 2101212020 52338 2101212021 52339
51415 2101212120 52342 2101212121 52343
51416 2102010101 52344 2102010102 52345
51417 2102010120 52346 2102010121 52347
51419 2102010210 52350 2102010212 52351
51418 2102010201 52348 2102010202 52349
51420 2102012010 52352 2102012012 52353
51414 2101212101 52340 2101212102 52341
51421 2102012020 52354 2102012021 52355
51422 2102012101 52356 2102012102 52357
51426 2102020201 52364 2102020202 52365
51423 2102012120 52358 2102012121 52359
51428 2102021010 52368 2102021012 52369
51430 2102021201 52372 2102021202 52373
51429 2102021020 52370 2102021021 52371
51425 2102020120 52362 2102020121 52363
51431 2102021210 52374 2102021212 52375
51432 2102101010 52376 2102101012 52377
51424 2102020101 52360 2102020102 52361
51427 2102020210 52366 2102020212 52367
51436 2102102010 52384 2102102012 52385
51434 2102101201 52380 2102101202 52381
51442 2102120201 52396 2102120202 52397
51435 2102101210 52382 2102101212 52383
51443 2102120210 52398 2102120212 52399
51439 2102102120 52390 2102102121 52391
51440 2102120101 52392 2102120102 52393
51437 2102102020 52386 2102102021 52387
51441 2102120120 52394 2102120121 52395
51433 2102101020 52378 2102101021 52379
51438 2102102101 52388 2102102102 52389
51450 2120101201 52412 2120101202 52413
51445 2102121020 52402 2102121021 52403
51448 2120101010 52408 2120101012 52409
51447 2102121210 52406 2102121212 52407
51477 2120212020 52466 2120212021 52467
51482 2121010201 52476 2121010202 52477
51479 2120212120 52470 2120212121 52471
51480 2121010101 52472 2121010102 52473
51474 2120210201 52460 2120210202 52461
51453 2120102020 52418 2120102021 52419
51444 2102121010 52400 2102121012 52401
51472 2120210101 52456 2120210102 52457
51464 2120201010 52440 2120201012 52441
51454 2120102101 52420 2120102102 52421
51473 2120210120 52458 2120210121 52459
51487 2121012120 52486 2121012121 52487
51478 2120212101 52468 2120212102 52469
51446 2102121201 52404 2102121202 52405
51451 2120101210 52414 2120101212 52415
51449 2120101020 52410 2120101021 52411
51458 2120120201 52428 2120120202 52429
51471 2120202120 52454 2120202121 52455
51484 2121012010 52480 2121012012 52481
51463 2120121210 52438 2120121212 52439
51452 2120102010 52416 2120102012 52417
51466 2120201201 52444 2120201202 52445
51461 2120121020 52434 2120121021 52435
51457 2120120120 52426 2120120121 52427
51501 2121202020 52514 2121202021 52515
51483 2121010210 52478 2121010212 52479
51486 2121012101 52484 2121012102 52485
51502 2121202101 52516 2121202102 52517
51481 2121010120 52474 2121010121 52475
51503 2121202120 52518 2121202121 52519
51504 2121210101 52520 2121210102 52521
51455 2120102120 52422 2120102121 52423
51500 2121202010 52512 2121202012 52513
51462 2120121201 52436 2120121202 52437
51493 2121021020 52498 2121021021 52499
51475 2120210210 52462 2120210212 52463
51456 2120120101 52424 2120120102 52425
51465 2120201020 52442 2120201021 52443
51496 2121201010 52504 2121201012 52505
51495 2121021210 52502 2121021212 52503
51498 2121201201 52508 2121201202 52509
51505 2121210120 52522 2121210121 52523
51468 2120202010 52448 2120202012 52449
51485 2121012020 52482 2121012021 52483
51467 2120201210 52446 2120201212 52447
51492 2121021010 52496 2121021012 52497
51460 2120121010 52432 2120121012 52433
51491 2121020210 52494 2121020212 52495
51490 2121020201 52492 2121020202 52493
51488 2121020101 52488 2121020102 52489
51470 2120202101 52452 2120202102 52453
51476 2120212010 52464 2120212012 52465
51489 2121020120 52490 2121020121 52491
51469 2120202020 52450 2120202021 52451
51459 2120120210 52430 2120120212 52431
51497 2121201020 52506 2121201021 52507
51494 2121021201 52500 2121021202 52501
51499 2121201210 52510 2121201212 52511
51506 2121210201 52524 2121210202 52525
51507 2121210210 52526 2121210212 52527
51509 2121212020 52530 2121212021 52531
51508 2121212010 52528 2121212012 52529
51510 2121212101 52532 2121212102 52533
51515 0101010210 51006 0101010212 51007
51516 0101012010 51008 0101012012 51009
51511 2121212120 52534 2121212121 52535
51514 0101010201 51004 0101010202 51005
51513 0101010120 51002 0101010121 51003
51512 0101010101 51000 0101010102 51001
51517 0101012020 51010 0101012021 51011
51518 0101012101 51012 0101012102 51013
51524 0101021010 51024 0101021012 51025
51522 0101020201 51020 0101020202 51021
51526 0101021201 51028 0101021202 51029
51520 0101020101 51016 0101020102 51017
51523 0101020210 51022 0101020212 51023
51527 0101021210 51030 0101021212 51031
51528 0101201010 51032 0101201012 51033
51519 0101012120 51014 0101012121 51015
51525 0101021020 51026 0101021021 51027
51521 0101020120 51018 0101020121 51019
51531 0101201210 51038 0101201212 51039
51533 0101202020 51042 0101202021 51043
51536 0101210101 51048 0101210102 51049
51539 0101210210 51054 0101210212 51055
51530 0101201201 51036 0101201202 51037
51529 0101201020 51034 0101201021 51035
51538 0101210201 51052 0101210202 51053
51535 0101202120 51046 0101202121 51047
51540 0101212010 51056 0101212012 51057
51532 0101202010 51040 0101202012 51041
51534 0101202101 51044 0101202102 51045
51537 0101210120 51050 0101210121 51051
51541 0101212020 51058 0101212021 51059
51544 0102010101 51064 0102010102 51065
51542 0101212101 51060 0101212102 51061
51548 0102012010 51072 0102012012 51073
51546 0102010201 51068 0102010202 51069
51547 0102010210 51070 0102010212 51071
51545 0102010120 51066 0102010121 51067
51543 0101212120 51062 0101212121 51063
51002 1010101201 51516 1010101202 51517
51001 1010101020 51514 1010101021 51515
51005 1010102020 51522 1010102021 51523
51000 1010101010 51512 1010101012 51513
51007 1010102120 51526 1010102121 51527
51009 1010120120 51530 1010120121 51531
51011 1010120210 51534 1010120212 51535
51004 1010102010 51520 1010102012 51521
51008 1010120101 51528 1010120102 51529
51010 1010120201 51532 1010120202 51533
51012 1010121010 51536 1010121012 51537
51003 1010101210 51518 1010101212 51519
51006 1010102101 51524 1010102102 51525
51047 1012021210 51606 1012021212 51607
51014 1010121201 51540 1010121202 51541
51021 1010202020 51554 1010202021 51555
51059 1012120210 51630 1012120212 51631
51028 1010212010 51568 1010212012 51569
51025 1010210120 51562 1010210121 51563
51023 1010202120 51558 1010202121 51559
51026 1010210201 51564 1010210202 51565
51051 1012101210 51614 1012101212 51615
51029 1010212020 51570 1010212021 51571
51022 1010202101 51556 1010202102 51557
51061 1012121020 51634 1012121021 51635
51062 1012121201 51636 1012121202 51637
51042 1012020201 51596 1012020202 51597
51030 1010212101 51572 1010212102 51573
51016 1010201010 51544 1010201012 51545
51013 1010121020 51538 1010121021 51539
51048 1012101010 51608 1012101012 51609
51036 1012012010 51584 1012012012 51585
51033 1012010120 51578 1012010121 51579
51040 1012020101 51592 1012020102 51593
51017 1010201020 51546 1010201021 51547
51031 1010212120 51574 1010212121 51575
51027 1010210210 51566 1010210212 51567
51019 1010201210 51550 1010201212 51551
51024 1010210101 51560 1010210102 51561
51018 1010201201 51548 1010201202 51549
51041 1012020120 51594 1012020121 51595
51058 1012120201 51628 1012120202 51629
51078 1020121201 51668 1020121202 51669
51063 1012121210 51638 1012121212 51639
51065 1020101020 51642 1020101021 51643
51049 1012101020 51610 1012101021 51611
51056 1012120101 51624 1012120102 51625
51035 1012010210 51582 1012010212 51583
51075 1020120210 51662 1020120212 51663
51102 1021012101 51716 1021012102 51717
51100 1021012010 51712 1021012012 51713
51055 1012102120 51622 1012102121 51623
51088 1020210101 51688 1020210102 51689
51096 1021010101 51704 1021010102 51705
51020 1010202010 51552 1010202012 51553
51092 1020212010 51696 1020212012 51697
51069 1020102020 51650 1020102021 51651
51053 1012102020 51618 1012102021 51619
51094 1020212101 51700 1020212102 51701
51054 1012102101 51620 1012102102 51621
51057 1012120120 51626 1012120121 51627
51072 1020120101 51656 1020120102 51657
51070 1020102101 51652 1020102102 51653
51064 1020101010 51640 1020101012 51641
51077 1020121020 51666 1020121021 51667
51099 1021010210 51710 1021010212 51711
51038 1012012101 51588 1012012102 51589
51093 1020212020 51698 1020212021 51699
51066 1020101201 51644 1020101202 51645
51074 1020120201 51660 1020120202 51661
51032 1012010101 51576 1012010102 51577
51090 1020210201 51692 1020210202 51693
51091 1020210210 51694 1020210212 51695
51043 1012020210 51598 1012020212 51599
51098 1021010201 51708 1021010202 51709
51050 1012101201 51612 1012101202 51613
51097 1021010120 51706 1021010121 51707
51073 1020120120 51658 1020120121 51659
51084 1020202010 51680 1020202012 51681
51037 1012012020 51586 1012012021 51587
51039 1012012120 51590 1012012121 51591
51095 1020212120 51702 1020212121 51703
51089 1020210120 51690 1020210121 51691
51045 1012021020 51602 1012021021 51603
51101 1021012020 51714 1021012021 51715
51086 1020202101 51684 1020202102 51685
51087 1020202120 51686 1020202121 51687
51076 1020121010 51664 1020121012 51665
51046 1012021201 51604 1012021202 51605
51052 1012102010 51616 1012102012 51617
51034 1012010201 51580 1012010202 51581
51015 1010121210 51542 1010121212 51543
51085 1020202020 51682 1020202021 51683
51103 1021012120 51718 1021012121 51719
51082 1020201201 51676 1020201202 51677
51083 1020201210 51678 1020201212 51679
51081 1020201020 51674 1020201021 51675
51067 1020101210 51646 1020101212 51647
51080 1020201010 51672 1020201012 51673
51079 1020121210 51670 1020121212 51671
51068 1020102010 51648 1020102012 51649
51071 1020102120 51654 1020102121 51655
51044 1012021010 51600 1012021012 51601
51060 1012121010 51632 1012121012 51633
